11.12.2018 19:20:58	This log contains information about the import schema operation into project 'AdventureWorksDW' on computer 'DESKTOP-DB2E7FR' by user 'semashkin.vg'.
11.12.2018 19:20:58	Import of database schema has started.
11.12.2018 19:21:17	Gathering database credentials
11.12.2018 19:21:17	Gathering database options
11.12.2018 19:21:17	Gathering users
11.12.2018 19:21:17	Gathering roles
11.12.2018 19:21:17	Gathering application roles
11.12.2018 19:21:18	Gathering role memberships
11.12.2018 19:21:18	Gathering filegroups
11.12.2018 19:21:18	Gathering full-text catalogs
11.12.2018 19:21:18	Gathering assemblies
11.12.2018 19:21:18	Gathering certificates
11.12.2018 19:21:18	Gathering asymmetric keys
11.12.2018 19:21:18	Gathering symmetric keys
11.12.2018 19:21:18	Gathering encrypted symmetric keys
11.12.2018 19:21:18	Gathering schemas
11.12.2018 19:21:18	Gathering XML schema collections
11.12.2018 19:21:18	Gathering user-defined data types
11.12.2018 19:21:18	Gathering user-defined types
11.12.2018 19:21:18	Gathering table types
11.12.2018 19:21:18	Gathering unique keys for table types
11.12.2018 19:21:18	Gathering primary keys for table types
11.12.2018 19:21:18	Gathering indexes for table types
11.12.2018 19:21:18	Gathering check constraints for table types
11.12.2018 19:21:18	Gathering default constraints for table types
11.12.2018 19:21:18	Gathering partition functions
11.12.2018 19:21:18	Gathering partition schemes
11.12.2018 19:21:18	Gathering functions
11.12.2018 19:21:18	Gathering encrypted functions
11.12.2018 19:21:18	Gathering aggregates
11.12.2018 19:21:18	Gathering procedures
11.12.2018 19:21:18	Gathering encrypted procedures
11.12.2018 19:21:18	Gathering tables
11.12.2018 19:21:19	Gathering primary keys
11.12.2018 19:21:19	Gathering unique constraints
11.12.2018 19:21:19	Gathering foreign keys
11.12.2018 19:21:19	Gathering default constraints
11.12.2018 19:21:19	Gathering check constraints
11.12.2018 19:21:19	Gathering views
11.12.2018 19:21:19	Gathering encrypted views
11.12.2018 19:21:19	Gathering indexes
11.12.2018 19:21:19	Gathering statistics
11.12.2018 19:21:19	Gathering full-text index stoplists
11.12.2018 19:21:19	Gathering search property lists
11.12.2018 19:21:19	Gathering search properties
11.12.2018 19:21:19	Gathering full-text indexes
11.12.2018 19:21:19	Gathering column store indexes
11.12.2018 19:21:19	Gathering spatial indexes
11.12.2018 19:21:19	Gathering XML indexes
11.12.2018 19:21:19	Gathering Selective XML indexes
11.12.2018 19:21:19	Gathering encrypted triggers
11.12.2018 19:21:19	Gathering triggers
11.12.2018 19:21:19	Gathering encrypted and clr ddl triggers
11.12.2018 19:21:19	Gathering ddl triggers
11.12.2018 19:21:40	Gathering synonyms
11.12.2018 19:21:40	Gathering defaults
11.12.2018 19:21:40	Gathering data constraint uddt bindings
11.12.2018 19:21:40	Gathering rules
11.12.2018 19:21:40	Gathering data constraint uddt bindings
11.12.2018 19:21:40	Gathering message types
11.12.2018 19:21:40	Gathering queues
11.12.2018 19:21:40	Gathering contracts
11.12.2018 19:21:40	Gathering services
11.12.2018 19:21:40	Gathering event notifications
11.12.2018 19:21:40	Gathering remote service bindings
11.12.2018 19:21:40	Gathering broker priorities
11.12.2018 19:21:40	Gathering signatures
11.12.2018 19:21:40	Gathering data compression options
11.12.2018 19:21:40	Gathering sequence types
11.12.2018 19:21:40	Gathering security policies
11.12.2018 19:21:40	Gather column encryption keys
11.12.2018 19:21:40	Gathering column master keys
11.12.2018 19:21:40	Gathering external data sources
11.12.2018 19:21:40	Gathering external file formats
11.12.2018 19:21:40	Gathering external tables
11.12.2018 19:21:40	Gathering extended properties
11.12.2018 19:21:44	Scanning project for duplicate elements
11.12.2018 19:21:44	Finished duplicate element processing
11.12.2018 19:21:45	Finished importing database.
11.12.2018 19:21:45	A summary of the import was saved to the following location: D:\Development\github\DataVault\Examples\AdventureWorks\Marts\AdventureWorksDW\Import Schema Logs\AdventureWorksDW_20181211032058.log
11.12.2018 19:21:45	Click Finish to continue...
